  Determining projects to restore...
  All projects are up-to-date for restore.
/usr/local/share/dotnet/sdk/10.0.100-preview.4.25258.110/Sdks/Microsoft.NET.Sdk/targets/Microsoft.NET.RuntimeIdentifierInference.targets(326,5): message NETSDK1057: You are using a preview version of .NET. See: https://aka.ms/dotnet-support-policy [/Users/bill/Repos/McpDotnet/src/McpRoslyn.Server.Sse/McpRoslyn.Server.Sse.csproj]
/usr/local/share/dotnet/sdk/10.0.100-preview.4.25258.110/Sdks/Microsoft.NET.Sdk/targets/Microsoft.NET.RuntimeIdentifierInference.targets(326,5): message NETSDK1057: You are using a preview version of .NET. See: https://aka.ms/dotnet-support-policy [/Users/bill/Repos/McpDotnet/src/McpRoslyn.Server/McpRoslyn.Server.csproj]
/Users/bill/Repos/McpDotnet/src/McpRoslyn.Server/McpJsonRpcServer.cs(1080,32): warning CS1998: This async method lacks 'await' operators and will run synchronously. Consider using the 'await' operator to await non-blocking API calls, or 'await Task.Run(...)' to do CPU-bound work on a background thread. [/Users/bill/Repos/McpDotnet/src/McpRoslyn.Server/McpRoslyn.Server.csproj]
/Users/bill/Repos/McpDotnet/src/McpRoslyn.Server/SemanticInfoExtractor.cs(163,36): warning CS8601: Possible null reference assignment. [/Users/bill/Repos/McpDotnet/src/McpRoslyn.Server/McpRoslyn.Server.csproj]
/Users/bill/Repos/McpDotnet/src/McpRoslyn.Server/RoslynWorkspaceManager.cs(808,24): warning CS1998: This async method lacks 'await' operators and will run synchronously. Consider using the 'await' operator to await non-blocking API calls, or 'await Task.Run(...)' to do CPU-bound work on a background thread. [/Users/bill/Repos/McpDotnet/src/McpRoslyn.Server/McpRoslyn.Server.csproj]
/Users/bill/Repos/McpDotnet/src/McpRoslyn.Server/RoslynWorkspaceManager.cs(1275,75): warning CS1998: This async method lacks 'await' operators and will run synchronously. Consider using the 'await' operator to await non-blocking API calls, or 'await Task.Run(...)' to do CPU-bound work on a background thread. [/Users/bill/Repos/McpDotnet/src/McpRoslyn.Server/McpRoslyn.Server.csproj]
/Users/bill/Repos/McpDotnet/src/McpRoslyn.Server/RoslynWorkspaceManager.cs(1323,75): warning CS1998: This async method lacks 'await' operators and will run synchronously. Consider using the 'await' operator to await non-blocking API calls, or 'await Task.Run(...)' to do CPU-bound work on a background thread. [/Users/bill/Repos/McpDotnet/src/McpRoslyn.Server/McpRoslyn.Server.csproj]
/Users/bill/Repos/McpDotnet/src/McpRoslyn.Server/RoslynWorkspaceManager.cs(1359,75): warning CS1998: This async method lacks 'await' operators and will run synchronously. Consider using the 'await' operator to await non-blocking API calls, or 'await Task.Run(...)' to do CPU-bound work on a background thread. [/Users/bill/Repos/McpDotnet/src/McpRoslyn.Server/McpRoslyn.Server.csproj]
/Users/bill/Repos/McpDotnet/src/McpRoslyn.Server/RoslynWorkspaceManager.cs(1423,34): warning CS1998: This async method lacks 'await' operators and will run synchronously. Consider using the 'await' operator to await non-blocking API calls, or 'await Task.Run(...)' to do CPU-bound work on a background thread. [/Users/bill/Repos/McpDotnet/src/McpRoslyn.Server/McpRoslyn.Server.csproj]
/Users/bill/Repos/McpDotnet/src/McpRoslyn.Server/McpJsonRpcServer.cs(3429,46): warning CS8602: Dereference of a possibly null reference. [/Users/bill/Repos/McpDotnet/src/McpRoslyn.Server/McpRoslyn.Server.csproj]
/Users/bill/Repos/McpDotnet/src/McpRoslyn.Server/McpJsonRpcServer.cs(3431,56): warning CS8602: Dereference of a possibly null reference. [/Users/bill/Repos/McpDotnet/src/McpRoslyn.Server/McpRoslyn.Server.csproj]
/Users/bill/Repos/McpDotnet/src/McpRoslyn.Server/McpJsonRpcServer.cs(3701,58): warning CS8604: Possible null reference argument for parameter 'path' in 'SyntaxNode? McpJsonRpcServer.NavigateFromNode(SyntaxNode startNode, string path)'. [/Users/bill/Repos/McpDotnet/src/McpRoslyn.Server/McpRoslyn.Server.csproj]
/Users/bill/Repos/McpDotnet/src/McpRoslyn.Server/McpJsonRpcServer.cs(4085,32): warning CS1998: This async method lacks 'await' operators and will run synchronously. Consider using the 'await' operator to await non-blocking API calls, or 'await Task.Run(...)' to do CPU-bound work on a background thread. [/Users/bill/Repos/McpDotnet/src/McpRoslyn.Server/McpRoslyn.Server.csproj]
/Users/bill/Repos/McpDotnet/src/McpRoslyn.Server/RoslynWorkspaceManager.cs(1866,41): warning CS0618: 'Renamer.RenameSymbolAsync(Solution, ISymbol, string, OptionSet?, CancellationToken)' is obsolete: 'Use overload taking RenameOptions' [/Users/bill/Repos/McpDotnet/src/McpRoslyn.Server/McpRoslyn.Server.csproj]
/Users/bill/Repos/McpDotnet/src/McpRoslyn.Server/RoslynWorkspaceManager.cs(2032,50): warning CS8604: Possible null reference argument for parameter 'workspaceId' in 'Workspace? RoslynWorkspaceManager.GetWorkspace(string workspaceId)'. [/Users/bill/Repos/McpDotnet/src/McpRoslyn.Server/McpRoslyn.Server.csproj]
/Users/bill/Repos/McpDotnet/src/McpRoslyn.Server/RoslynWorkspaceManager.cs(2138,24): warning CS1998: This async method lacks 'await' operators and will run synchronously. Consider using the 'await' operator to await non-blocking API calls, or 'await Task.Run(...)' to do CPU-bound work on a background thread. [/Users/bill/Repos/McpDotnet/src/McpRoslyn.Server/McpRoslyn.Server.csproj]
/Users/bill/Repos/McpDotnet/src/McpRoslyn.Server/RoslynWorkspaceManager.cs(2248,24): warning CS1998: This async method lacks 'await' operators and will run synchronously. Consider using the 'await' operator to await non-blocking API calls, or 'await Task.Run(...)' to do CPU-bound work on a background thread. [/Users/bill/Repos/McpDotnet/src/McpRoslyn.Server/McpRoslyn.Server.csproj]
/Users/bill/Repos/McpDotnet/src/McpRoslyn.Server/RoslynWorkspaceManager.cs(2350,24): warning CS1998: This async method lacks 'await' operators and will run synchronously. Consider using the 'await' operator to await non-blocking API calls, or 'await Task.Run(...)' to do CPU-bound work on a background thread. [/Users/bill/Repos/McpDotnet/src/McpRoslyn.Server/McpRoslyn.Server.csproj]
/Users/bill/Repos/McpDotnet/src/McpRoslyn.Server/RoslynWorkspaceManager.cs(2614,24): warning CS1998: This async method lacks 'await' operators and will run synchronously. Consider using the 'await' operator to await non-blocking API calls, or 'await Task.Run(...)' to do CPU-bound work on a background thread. [/Users/bill/Repos/McpDotnet/src/McpRoslyn.Server/McpRoslyn.Server.csproj]
/Users/bill/Repos/McpDotnet/src/McpRoslyn.Server/RoslynWorkspaceManager.cs(2738,75): warning CS8604: Possible null reference argument for parameter 'node' in 'bool ILanguageHandler.IsStatement(SyntaxNode node)'. [/Users/bill/Repos/McpDotnet/src/McpRoslyn.Server/McpRoslyn.Server.csproj]
/Users/bill/Repos/McpDotnet/src/McpRoslyn.Server/RoslynWorkspaceManager.cs(2824,17): warning CS8602: Dereference of a possibly null reference. [/Users/bill/Repos/McpDotnet/src/McpRoslyn.Server/McpRoslyn.Server.csproj]
/Users/bill/Repos/McpDotnet/src/McpRoslyn.Server/RoslynWorkspaceManager.cs(2985,17): warning CS8602: Dereference of a possibly null reference. [/Users/bill/Repos/McpDotnet/src/McpRoslyn.Server/McpRoslyn.Server.csproj]
/Users/bill/Repos/McpDotnet/src/McpRoslyn.Server/RoslynWorkspaceManager.cs(3100,60): warning CS8602: Dereference of a possibly null reference. [/Users/bill/Repos/McpDotnet/src/McpRoslyn.Server/McpRoslyn.Server.csproj]
/Users/bill/Repos/McpDotnet/src/McpRoslyn.Server/RoslynWorkspaceManager.cs(3169,82): warning CS8602: Dereference of a possibly null reference. [/Users/bill/Repos/McpDotnet/src/McpRoslyn.Server/McpRoslyn.Server.csproj]
/Users/bill/Repos/McpDotnet/src/McpRoslyn.Server/RoslynWorkspaceManager.cs(3191,40): warning CS8602: Dereference of a possibly null reference. [/Users/bill/Repos/McpDotnet/src/McpRoslyn.Server/McpRoslyn.Server.csproj]
/Users/bill/Repos/McpDotnet/src/McpRoslyn.Server/RoslynWorkspaceManager.cs(3226,27): warning CS8600: Converting null literal or possible null value to non-nullable type. [/Users/bill/Repos/McpDotnet/src/McpRoslyn.Server/McpRoslyn.Server.csproj]
/Users/bill/Repos/McpDotnet/src/McpRoslyn.Server/RoslynWorkspaceManager.cs(3229,64): warning CS8602: Dereference of a possibly null reference. [/Users/bill/Repos/McpDotnet/src/McpRoslyn.Server/McpRoslyn.Server.csproj]
/Users/bill/Repos/McpDotnet/src/McpRoslyn.Server/RoslynWorkspaceManager.cs(3232,44): warning CS8602: Dereference of a possibly null reference. [/Users/bill/Repos/McpDotnet/src/McpRoslyn.Server/McpRoslyn.Server.csproj]
/Users/bill/Repos/McpDotnet/src/McpRoslyn.Server/RoslynWorkspaceManager.cs(3233,46): warning CS8602: Dereference of a possibly null reference. [/Users/bill/Repos/McpDotnet/src/McpRoslyn.Server/McpRoslyn.Server.csproj]
/Users/bill/Repos/McpDotnet/src/McpRoslyn.Server/RoslynWorkspaceManager.cs(3245,61): warning CS8604: Possible null reference argument for parameter 'root' in 'Document Document.WithSyntaxRoot(SyntaxNode root)'. [/Users/bill/Repos/McpDotnet/src/McpRoslyn.Server/McpRoslyn.Server.csproj]
/Users/bill/Repos/McpDotnet/src/McpRoslyn.Server/RoslynWorkspaceManager.cs(3373,82): warning CS8602: Dereference of a possibly null reference. [/Users/bill/Repos/McpDotnet/src/McpRoslyn.Server/McpRoslyn.Server.csproj]
/Users/bill/Repos/McpDotnet/src/McpRoslyn.Server/RoslynWorkspaceManager.cs(3420,51): warning CS1998: This async method lacks 'await' operators and will run synchronously. Consider using the 'await' operator to await non-blocking API calls, or 'await Task.Run(...)' to do CPU-bound work on a background thread. [/Users/bill/Repos/McpDotnet/src/McpRoslyn.Server/McpRoslyn.Server.csproj]
/Users/bill/Repos/McpDotnet/src/McpRoslyn.Server/RoslynWorkspaceManager.cs(3440,46): warning CS1998: This async method lacks 'await' operators and will run synchronously. Consider using the 'await' operator to await non-blocking API calls, or 'await Task.Run(...)' to do CPU-bound work on a background thread. [/Users/bill/Repos/McpDotnet/src/McpRoslyn.Server/McpRoslyn.Server.csproj]
/Users/bill/Repos/McpDotnet/src/McpRoslyn.Server/RoslynWorkspaceManager.cs(3466,43): warning CS1998: This async method lacks 'await' operators and will run synchronously. Consider using the 'await' operator to await non-blocking API calls, or 'await Task.Run(...)' to do CPU-bound work on a background thread. [/Users/bill/Repos/McpDotnet/src/McpRoslyn.Server/McpRoslyn.Server.csproj]
/Users/bill/Repos/McpDotnet/src/McpRoslyn.Server/RoslynWorkspaceManager.cs(3594,70): warning CS8604: Possible null reference argument for parameter 'declaration' in 'ISymbol? ModelExtensions.GetDeclaredSymbol(SemanticModel semanticModel, SyntaxNode declaration, CancellationToken cancellationToken = default(CancellationToken))'. [/Users/bill/Repos/McpDotnet/src/McpRoslyn.Server/McpRoslyn.Server.csproj]
/Users/bill/Repos/McpDotnet/src/McpRoslyn.Server/RoslynWorkspaceManager.cs(3794,38): warning CS8602: Dereference of a possibly null reference. [/Users/bill/Repos/McpDotnet/src/McpRoslyn.Server/McpRoslyn.Server.csproj]
/Users/bill/Repos/McpDotnet/src/McpRoslyn.Server/RoslynWorkspaceManager.cs(3929,42): warning RS1024: Use 'SymbolEqualityComparer' when comparing symbols [/Users/bill/Repos/McpDotnet/src/McpRoslyn.Server/McpRoslyn.Server.csproj]
  McpRoslyn.Server -> /Users/bill/Repos/McpDotnet/src/McpRoslyn.Server/bin/Debug/net10.0/McpRoslyn.Server.dll
/Users/bill/Repos/McpDotnet/src/McpRoslyn.Server.Sse/Tools/RoslynTools.cs(218,83): warning CS8604: Possible null reference argument for parameter 'className' in 'Task<MethodCallAnalysis> RoslynWorkspaceManager.FindMethodCallsAsync(string methodName, string className, string? workspacePath = null)'. [/Users/bill/Repos/McpDotnet/src/McpRoslyn.Server.Sse/McpRoslyn.Server.Sse.csproj]
/Users/bill/Repos/McpDotnet/src/McpRoslyn.Server.Sse/Tools/RoslynTools.cs(241,85): warning CS8604: Possible null reference argument for parameter 'className' in 'Task<MethodCallerAnalysis> RoslynWorkspaceManager.FindMethodCallersAsync(string methodName, string className, string? workspacePath = null)'. [/Users/bill/Repos/McpDotnet/src/McpRoslyn.Server.Sse/McpRoslyn.Server.Sse.csproj]
/Users/bill/Repos/McpDotnet/src/McpRoslyn.Server.Sse/Tools/RoslynTools.cs(265,82): warning CS8604: Possible null reference argument for parameter 'symbolType' in 'Task<List<ReferenceInfo>> RoslynWorkspaceManager.FindReferencesAsync(string symbolName, string symbolType, string? containerName = null, string? workspacePath = null)'. [/Users/bill/Repos/McpDotnet/src/McpRoslyn.Server.Sse/McpRoslyn.Server.Sse.csproj]
/Users/bill/Repos/McpDotnet/src/McpRoslyn.Server.Sse/Tools/RoslynTools.cs(358,86): warning CS8604: Possible null reference argument for parameter 'symbolType' in 'Task<RenameResult> RoslynWorkspaceManager.RenameSymbolAsync(string oldName, string newName, string symbolType, string? containerName, string? workspacePath, bool preview)'. [/Users/bill/Repos/McpDotnet/src/McpRoslyn.Server.Sse/McpRoslyn.Server.Sse.csproj]
/Users/bill/Repos/McpDotnet/src/McpRoslyn.Server.Sse/Tools/RoslynTools.cs(392,81): warning CS8604: Possible null reference argument for parameter 'className' in 'Task<CodeEditResult> RoslynWorkspaceManager.EditCodeAsync(string filePath, string operation, string className, string? methodName, string? code, JsonElement? parameters, bool preview)'. [/Users/bill/Repos/McpDotnet/src/McpRoslyn.Server.Sse/McpRoslyn.Server.Sse.csproj]
  McpRoslyn.Server.Sse -> /Users/bill/Repos/McpDotnet/src/McpRoslyn.Server.Sse/bin/Debug/net10.0/McpRoslyn.Server.Sse.dll

Build succeeded.

/Users/bill/Repos/McpDotnet/src/McpRoslyn.Server/McpJsonRpcServer.cs(1080,32): warning CS1998: This async method lacks 'await' operators and will run synchronously. Consider using the 'await' operator to await non-blocking API calls, or 'await Task.Run(...)' to do CPU-bound work on a background thread. [/Users/bill/Repos/McpDotnet/src/McpRoslyn.Server/McpRoslyn.Server.csproj]
/Users/bill/Repos/McpDotnet/src/McpRoslyn.Server/SemanticInfoExtractor.cs(163,36): warning CS8601: Possible null reference assignment. [/Users/bill/Repos/McpDotnet/src/McpRoslyn.Server/McpRoslyn.Server.csproj]
/Users/bill/Repos/McpDotnet/src/McpRoslyn.Server/RoslynWorkspaceManager.cs(808,24): warning CS1998: This async method lacks 'await' operators and will run synchronously. Consider using the 'await' operator to await non-blocking API calls, or 'await Task.Run(...)' to do CPU-bound work on a background thread. [/Users/bill/Repos/McpDotnet/src/McpRoslyn.Server/McpRoslyn.Server.csproj]
/Users/bill/Repos/McpDotnet/src/McpRoslyn.Server/RoslynWorkspaceManager.cs(1275,75): warning CS1998: This async method lacks 'await' operators and will run synchronously. Consider using the 'await' operator to await non-blocking API calls, or 'await Task.Run(...)' to do CPU-bound work on a background thread. [/Users/bill/Repos/McpDotnet/src/McpRoslyn.Server/McpRoslyn.Server.csproj]
/Users/bill/Repos/McpDotnet/src/McpRoslyn.Server/RoslynWorkspaceManager.cs(1323,75): warning CS1998: This async method lacks 'await' operators and will run synchronously. Consider using the 'await' operator to await non-blocking API calls, or 'await Task.Run(...)' to do CPU-bound work on a background thread. [/Users/bill/Repos/McpDotnet/src/McpRoslyn.Server/McpRoslyn.Server.csproj]
/Users/bill/Repos/McpDotnet/src/McpRoslyn.Server/RoslynWorkspaceManager.cs(1359,75): warning CS1998: This async method lacks 'await' operators and will run synchronously. Consider using the 'await' operator to await non-blocking API calls, or 'await Task.Run(...)' to do CPU-bound work on a background thread. [/Users/bill/Repos/McpDotnet/src/McpRoslyn.Server/McpRoslyn.Server.csproj]
/Users/bill/Repos/McpDotnet/src/McpRoslyn.Server/RoslynWorkspaceManager.cs(1423,34): warning CS1998: This async method lacks 'await' operators and will run synchronously. Consider using the 'await' operator to await non-blocking API calls, or 'await Task.Run(...)' to do CPU-bound work on a background thread. [/Users/bill/Repos/McpDotnet/src/McpRoslyn.Server/McpRoslyn.Server.csproj]
/Users/bill/Repos/McpDotnet/src/McpRoslyn.Server/McpJsonRpcServer.cs(3429,46): warning CS8602: Dereference of a possibly null reference. [/Users/bill/Repos/McpDotnet/src/McpRoslyn.Server/McpRoslyn.Server.csproj]
/Users/bill/Repos/McpDotnet/src/McpRoslyn.Server/McpJsonRpcServer.cs(3431,56): warning CS8602: Dereference of a possibly null reference. [/Users/bill/Repos/McpDotnet/src/McpRoslyn.Server/McpRoslyn.Server.csproj]
/Users/bill/Repos/McpDotnet/src/McpRoslyn.Server/McpJsonRpcServer.cs(3701,58): warning CS8604: Possible null reference argument for parameter 'path' in 'SyntaxNode? McpJsonRpcServer.NavigateFromNode(SyntaxNode startNode, string path)'. [/Users/bill/Repos/McpDotnet/src/McpRoslyn.Server/McpRoslyn.Server.csproj]
/Users/bill/Repos/McpDotnet/src/McpRoslyn.Server/McpJsonRpcServer.cs(4085,32): warning CS1998: This async method lacks 'await' operators and will run synchronously. Consider using the 'await' operator to await non-blocking API calls, or 'await Task.Run(...)' to do CPU-bound work on a background thread. [/Users/bill/Repos/McpDotnet/src/McpRoslyn.Server/McpRoslyn.Server.csproj]
/Users/bill/Repos/McpDotnet/src/McpRoslyn.Server/RoslynWorkspaceManager.cs(1866,41): warning CS0618: 'Renamer.RenameSymbolAsync(Solution, ISymbol, string, OptionSet?, CancellationToken)' is obsolete: 'Use overload taking RenameOptions' [/Users/bill/Repos/McpDotnet/src/McpRoslyn.Server/McpRoslyn.Server.csproj]
/Users/bill/Repos/McpDotnet/src/McpRoslyn.Server/RoslynWorkspaceManager.cs(2032,50): warning CS8604: Possible null reference argument for parameter 'workspaceId' in 'Workspace? RoslynWorkspaceManager.GetWorkspace(string workspaceId)'. [/Users/bill/Repos/McpDotnet/src/McpRoslyn.Server/McpRoslyn.Server.csproj]
/Users/bill/Repos/McpDotnet/src/McpRoslyn.Server/RoslynWorkspaceManager.cs(2138,24): warning CS1998: This async method lacks 'await' operators and will run synchronously. Consider using the 'await' operator to await non-blocking API calls, or 'await Task.Run(...)' to do CPU-bound work on a background thread. [/Users/bill/Repos/McpDotnet/src/McpRoslyn.Server/McpRoslyn.Server.csproj]
/Users/bill/Repos/McpDotnet/src/McpRoslyn.Server/RoslynWorkspaceManager.cs(2248,24): warning CS1998: This async method lacks 'await' operators and will run synchronously. Consider using the 'await' operator to await non-blocking API calls, or 'await Task.Run(...)' to do CPU-bound work on a background thread. [/Users/bill/Repos/McpDotnet/src/McpRoslyn.Server/McpRoslyn.Server.csproj]
/Users/bill/Repos/McpDotnet/src/McpRoslyn.Server/RoslynWorkspaceManager.cs(2350,24): warning CS1998: This async method lacks 'await' operators and will run synchronously. Consider using the 'await' operator to await non-blocking API calls, or 'await Task.Run(...)' to do CPU-bound work on a background thread. [/Users/bill/Repos/McpDotnet/src/McpRoslyn.Server/McpRoslyn.Server.csproj]
/Users/bill/Repos/McpDotnet/src/McpRoslyn.Server/RoslynWorkspaceManager.cs(2614,24): warning CS1998: This async method lacks 'await' operators and will run synchronously. Consider using the 'await' operator to await non-blocking API calls, or 'await Task.Run(...)' to do CPU-bound work on a background thread. [/Users/bill/Repos/McpDotnet/src/McpRoslyn.Server/McpRoslyn.Server.csproj]
/Users/bill/Repos/McpDotnet/src/McpRoslyn.Server/RoslynWorkspaceManager.cs(2738,75): warning CS8604: Possible null reference argument for parameter 'node' in 'bool ILanguageHandler.IsStatement(SyntaxNode node)'. [/Users/bill/Repos/McpDotnet/src/McpRoslyn.Server/McpRoslyn.Server.csproj]
/Users/bill/Repos/McpDotnet/src/McpRoslyn.Server/RoslynWorkspaceManager.cs(2824,17): warning CS8602: Dereference of a possibly null reference. [/Users/bill/Repos/McpDotnet/src/McpRoslyn.Server/McpRoslyn.Server.csproj]
/Users/bill/Repos/McpDotnet/src/McpRoslyn.Server/RoslynWorkspaceManager.cs(2985,17): warning CS8602: Dereference of a possibly null reference. [/Users/bill/Repos/McpDotnet/src/McpRoslyn.Server/McpRoslyn.Server.csproj]
/Users/bill/Repos/McpDotnet/src/McpRoslyn.Server/RoslynWorkspaceManager.cs(3100,60): warning CS8602: Dereference of a possibly null reference. [/Users/bill/Repos/McpDotnet/src/McpRoslyn.Server/McpRoslyn.Server.csproj]
/Users/bill/Repos/McpDotnet/src/McpRoslyn.Server/RoslynWorkspaceManager.cs(3169,82): warning CS8602: Dereference of a possibly null reference. [/Users/bill/Repos/McpDotnet/src/McpRoslyn.Server/McpRoslyn.Server.csproj]
/Users/bill/Repos/McpDotnet/src/McpRoslyn.Server/RoslynWorkspaceManager.cs(3191,40): warning CS8602: Dereference of a possibly null reference. [/Users/bill/Repos/McpDotnet/src/McpRoslyn.Server/McpRoslyn.Server.csproj]
/Users/bill/Repos/McpDotnet/src/McpRoslyn.Server/RoslynWorkspaceManager.cs(3226,27): warning CS8600: Converting null literal or possible null value to non-nullable type. [/Users/bill/Repos/McpDotnet/src/McpRoslyn.Server/McpRoslyn.Server.csproj]
/Users/bill/Repos/McpDotnet/src/McpRoslyn.Server/RoslynWorkspaceManager.cs(3229,64): warning CS8602: Dereference of a possibly null reference. [/Users/bill/Repos/McpDotnet/src/McpRoslyn.Server/McpRoslyn.Server.csproj]
/Users/bill/Repos/McpDotnet/src/McpRoslyn.Server/RoslynWorkspaceManager.cs(3232,44): warning CS8602: Dereference of a possibly null reference. [/Users/bill/Repos/McpDotnet/src/McpRoslyn.Server/McpRoslyn.Server.csproj]
/Users/bill/Repos/McpDotnet/src/McpRoslyn.Server/RoslynWorkspaceManager.cs(3233,46): warning CS8602: Dereference of a possibly null reference. [/Users/bill/Repos/McpDotnet/src/McpRoslyn.Server/McpRoslyn.Server.csproj]
/Users/bill/Repos/McpDotnet/src/McpRoslyn.Server/RoslynWorkspaceManager.cs(3245,61): warning CS8604: Possible null reference argument for parameter 'root' in 'Document Document.WithSyntaxRoot(SyntaxNode root)'. [/Users/bill/Repos/McpDotnet/src/McpRoslyn.Server/McpRoslyn.Server.csproj]
/Users/bill/Repos/McpDotnet/src/McpRoslyn.Server/RoslynWorkspaceManager.cs(3373,82): warning CS8602: Dereference of a possibly null reference. [/Users/bill/Repos/McpDotnet/src/McpRoslyn.Server/McpRoslyn.Server.csproj]
/Users/bill/Repos/McpDotnet/src/McpRoslyn.Server/RoslynWorkspaceManager.cs(3420,51): warning CS1998: This async method lacks 'await' operators and will run synchronously. Consider using the 'await' operator to await non-blocking API calls, or 'await Task.Run(...)' to do CPU-bound work on a background thread. [/Users/bill/Repos/McpDotnet/src/McpRoslyn.Server/McpRoslyn.Server.csproj]
/Users/bill/Repos/McpDotnet/src/McpRoslyn.Server/RoslynWorkspaceManager.cs(3440,46): warning CS1998: This async method lacks 'await' operators and will run synchronously. Consider using the 'await' operator to await non-blocking API calls, or 'await Task.Run(...)' to do CPU-bound work on a background thread. [/Users/bill/Repos/McpDotnet/src/McpRoslyn.Server/McpRoslyn.Server.csproj]
/Users/bill/Repos/McpDotnet/src/McpRoslyn.Server/RoslynWorkspaceManager.cs(3466,43): warning CS1998: This async method lacks 'await' operators and will run synchronously. Consider using the 'await' operator to await non-blocking API calls, or 'await Task.Run(...)' to do CPU-bound work on a background thread. [/Users/bill/Repos/McpDotnet/src/McpRoslyn.Server/McpRoslyn.Server.csproj]
/Users/bill/Repos/McpDotnet/src/McpRoslyn.Server/RoslynWorkspaceManager.cs(3594,70): warning CS8604: Possible null reference argument for parameter 'declaration' in 'ISymbol? ModelExtensions.GetDeclaredSymbol(SemanticModel semanticModel, SyntaxNode declaration, CancellationToken cancellationToken = default(CancellationToken))'. [/Users/bill/Repos/McpDotnet/src/McpRoslyn.Server/McpRoslyn.Server.csproj]
/Users/bill/Repos/McpDotnet/src/McpRoslyn.Server/RoslynWorkspaceManager.cs(3794,38): warning CS8602: Dereference of a possibly null reference. [/Users/bill/Repos/McpDotnet/src/McpRoslyn.Server/McpRoslyn.Server.csproj]
/Users/bill/Repos/McpDotnet/src/McpRoslyn.Server/RoslynWorkspaceManager.cs(3929,42): warning RS1024: Use 'SymbolEqualityComparer' when comparing symbols [/Users/bill/Repos/McpDotnet/src/McpRoslyn.Server/McpRoslyn.Server.csproj]
/Users/bill/Repos/McpDotnet/src/McpRoslyn.Server.Sse/Tools/RoslynTools.cs(218,83): warning CS8604: Possible null reference argument for parameter 'className' in 'Task<MethodCallAnalysis> RoslynWorkspaceManager.FindMethodCallsAsync(string methodName, string className, string? workspacePath = null)'. [/Users/bill/Repos/McpDotnet/src/McpRoslyn.Server.Sse/McpRoslyn.Server.Sse.csproj]
/Users/bill/Repos/McpDotnet/src/McpRoslyn.Server.Sse/Tools/RoslynTools.cs(241,85): warning CS8604: Possible null reference argument for parameter 'className' in 'Task<MethodCallerAnalysis> RoslynWorkspaceManager.FindMethodCallersAsync(string methodName, string className, string? workspacePath = null)'. [/Users/bill/Repos/McpDotnet/src/McpRoslyn.Server.Sse/McpRoslyn.Server.Sse.csproj]
/Users/bill/Repos/McpDotnet/src/McpRoslyn.Server.Sse/Tools/RoslynTools.cs(265,82): warning CS8604: Possible null reference argument for parameter 'symbolType' in 'Task<List<ReferenceInfo>> RoslynWorkspaceManager.FindReferencesAsync(string symbolName, string symbolType, string? containerName = null, string? workspacePath = null)'. [/Users/bill/Repos/McpDotnet/src/McpRoslyn.Server.Sse/McpRoslyn.Server.Sse.csproj]
/Users/bill/Repos/McpDotnet/src/McpRoslyn.Server.Sse/Tools/RoslynTools.cs(358,86): warning CS8604: Possible null reference argument for parameter 'symbolType' in 'Task<RenameResult> RoslynWorkspaceManager.RenameSymbolAsync(string oldName, string newName, string symbolType, string? containerName, string? workspacePath, bool preview)'. [/Users/bill/Repos/McpDotnet/src/McpRoslyn.Server.Sse/McpRoslyn.Server.Sse.csproj]
/Users/bill/Repos/McpDotnet/src/McpRoslyn.Server.Sse/Tools/RoslynTools.cs(392,81): warning CS8604: Possible null reference argument for parameter 'className' in 'Task<CodeEditResult> RoslynWorkspaceManager.EditCodeAsync(string filePath, string operation, string className, string? methodName, string? code, JsonElement? parameters, bool preview)'. [/Users/bill/Repos/McpDotnet/src/McpRoslyn.Server.Sse/McpRoslyn.Server.Sse.csproj]
    40 Warning(s)
    0 Error(s)

Time Elapsed 00:00:01.84
